#
# There is insufficient memory for the Java Runtime Environment to continue.
# Native memory allocation (malloc) failed to allocate 1048576 bytes for AllocateHeap
# Possible reasons:
#   The system is out of physical RAM or swap space
#   In 32 bit mode, the process size limit was hit
# Possible solutions:
#   Reduce memory load on the system
#   Increase physical memory or swap space
#   Check if swap backing store is full
#   Use 64 bit Java on a 64 bit OS
#   Decrease Java heap size (-Xmx/-Xms)
#   Decrease number of Java threads
#   Decrease Java thread stack sizes (-Xss)
#   Set larger code cache with -XX:ReservedCodeCacheSize=
# This output file may be truncated or incomplete.
#
#  Out of Memory Error (memory/allocation.inline.hpp:61), pid=13620, tid=0x000000000000495c
#
# JRE version:  (8.0_101-b13) (build )
# Java VM: Java HotSpot(TM) 64-Bit Server VM (25.101-b13 mixed mode windows-amd64 compressed oops)
# Failed to write core dump. Minidumps are not enabled by default on client versions of Windows
#

---------------  T H R E A D  ---------------

Current thread (0x0000000002db0800):  JavaThread "Unknown thread" [_thread_in_vm, id=18780, stack(0x0000000002c80000,0x0000000002d80000)]

Stack: [0x0000000002c80000,0x0000000002d80000]
[error occurred during error reporting (printing stack bounds), id 0xc0000005]

Native frames: (J=compiled Java code, j=interpreted, Vv=VM code, C=native code)


---------------  P R O C E S S  ---------------

Java Threads: ( => current thread )

Other Threads:

=>0x0000000002db0800 (exited) JavaThread "Unknown thread" [_thread_in_vm, id=18780, stack(0x0000000002c80000,0x0000000002d80000)]

VM state:not at safepoint (normal execution)

VM Mutex/Monitor currently owned by a thread: None

Heap:
 PSYoungGen      total 37888K, used 655K [0x00000000d6400000, 0x00000000d8e00000, 0x0000000100000000)
  eden space 32768K, 2% used [0x00000000d6400000,0x00000000d64a3d80,0x00000000d8400000)
  from space 5120K, 0% used [0x00000000d8900000,0x00000000d8900000,0x00000000d8e00000)
  to   space 5120K, 0% used [0x00000000d8400000,0x00000000d8400000,0x00000000d8900000)
 ParOldGen       total 86016K, used 0K [0x0000000082c00000, 0x0000000088000000, 0x00000000d6400000)
  object space 86016K, 0% used [0x0000000082c00000,0x0000000082c00000,0x0000000088000000)
 Metaspace       used 746K, capacity 4480K, committed 4480K, reserved 1056768K
  class space    used 75K, capacity 384K, committed 384K, reserved 1048576K

Card table byte_map: [0x0000000012270000,0x0000000012660000] byte_map_base: 0x0000000011e5a000

Marking Bits: (ParMarkBitMap*) 0x0000000065e8a6d0
 Begin Bits: [0x0000000012d00000, 0x0000000014c50000)
 End Bits:   [0x0000000014c50000, 0x0000000016ba0000)

Polling page: 0x0000000002c00000

CodeCache: size=245760Kb used=328Kb max_used=328Kb free=245431Kb
 bounds [0x0000000002eb0000, 0x0000000003120000, 0x0000000011eb0000]
 total_blobs=58 nmethods=0 adapters=38
 compilation: enabled

Compilation events (0 events):
No events

GC Heap History (0 events):
No events

Deoptimization events (0 events):
No events

Internal exceptions (0 events):
No events

Events (10 events):
Event: 0.031 loading class java/lang/Short
Event: 0.031 loading class java/lang/Short done
Event: 0.031 loading class java/lang/Integer
Event: 0.031 loading class java/lang/Integer done
Event: 0.031 loading class java/lang/Long
Event: 0.031 loading class java/lang/Long done
Event: 0.032 loading class java/lang/NullPointerException
Event: 0.032 loading class java/lang/NullPointerException done
Event: 0.032 loading class java/lang/ArithmeticException
Event: 0.032 loading class java/lang/ArithmeticException done


Dynamic libraries:
0x00007ff756130000 - 0x00007ff756167000 	C:\Program Files\Java\jre1.8.0_101\bin\javaw.exe
0x00007ffd43120000 - 0x00007ffd432f1000 	C:\WINDOWS\SYSTEM32\ntdll.dll
0x00007ffd42ae0000 - 0x00007ffd42b8b000 	C:\WINDOWS\System32\KERNEL32.DLL
0x00007ffd3f610000 - 0x00007ffd3f82d000 	C:\WINDOWS\System32\KERNELBASE.dll
0x00007ffd40ac0000 - 0x00007ffd40b62000 	C:\WINDOWS\System32\ADVAPI32.dll
0x00007ffd40a00000 - 0x00007ffd40a9e000 	C:\WINDOWS\System32\msvcrt.dll
0x00007ffd41340000 - 0x00007ffd41399000 	C:\WINDOWS\System32\sechost.dll
0x00007ffd40bd0000 - 0x00007ffd40cf1000 	C:\WINDOWS\System32\RPCRT4.dll
0x00007ffd42ee0000 - 0x00007ffd43045000 	C:\WINDOWS\System32\USER32.dll
0x00007ffd3f990000 - 0x00007ffd3f9ae000 	C:\WINDOWS\System32\win32u.dll
0x00007ffd42d30000 - 0x00007ffd42d64000 	C:\WINDOWS\System32\GDI32.dll
0x00007ffd40520000 - 0x00007ffd406a2000 	C:\WINDOWS\System32\gdi32full.dll
0x00007ffd31a30000 - 0x00007ffd31ca9000 	C:\WINDOWS\WinSxS\amd64_microsoft.windows.common-controls_6595b64144ccf1df_6.0.14393.447_none_42191651c6827bb3\COMCTL32.dll
0x00007ffd40730000 - 0x00007ffd409f8000 	C:\WINDOWS\System32\combase.dll
0x00007ffd40370000 - 0x00007ffd40465000 	C:\WINDOWS\System32\ucrtbase.dll
0x00007ffd3f9b0000 - 0x00007ffd3fa1a000 	C:\WINDOWS\System32\bcryptPrimitives.dll
0x00007ffd42eb0000 - 0x00007ffd42ede000 	C:\WINDOWS\System32\IMM32.DLL
0x00000000673e0000 - 0x00000000674b2000 	C:\Program Files\Java\jre1.8.0_101\bin\msvcr100.dll
0x0000000065670000 - 0x0000000065f0a000 	C:\Program Files\Java\jre1.8.0_101\bin\server\jvm.dll
0x00007ffd406b0000 - 0x00007ffd406b8000 	C:\WINDOWS\System32\PSAPI.DLL
0x00007ffd1f7d0000 - 0x00007ffd1f7d9000 	C:\WINDOWS\SYSTEM32\WSOCK32.dll
0x00007ffd412d0000 - 0x00007ffd4133a000 	C:\WINDOWS\System32\WS2_32.dll
0x00007ffd3d570000 - 0x00007ffd3d593000 	C:\WINDOWS\SYSTEM32\WINMM.dll
0x00007ffd305f0000 - 0x00007ffd305fa000 	C:\WINDOWS\SYSTEM32\VERSION.dll
0x0000000002bd0000 - 0x0000000002bfb000 	C:\WINDOWS\SYSTEM32\WINMMBASE.dll
0x00007ffd3f890000 - 0x00007ffd3f8d2000 	C:\WINDOWS\System32\cfgmgr32.dll
0x0000000068610000 - 0x000000006861f000 	C:\Program Files\Java\jre1.8.0_101\bin\verify.dll
0x00000000683f0000 - 0x0000000068419000 	C:\Program Files\Java\jre1.8.0_101\bin\java.dll
0x0000000067530000 - 0x0000000067546000 	C:\Program Files\Java\jre1.8.0_101\bin\zip.dll

VM Arguments:
jvm_args: -Dfile.encoding=UTF-8 
java_command: dubstep.Main
java_class_path (initial): C:\Users\Junaid\workspace\Checkpoint1\bin;C:\Users\Junaid\Downloads\jsqlparser-1.0.0.jar
Launcher Type: SUN_STANDARD

Environment Variables:
PATH=C:/Program Files/Java/jre1.8.0_101/bin/server;C:/Program Files/Java/jre1.8.0_101/bin;C:/Program Files/Java/jre1.8.0_101/lib/amd64;C:\ProgramData\Oracle\Java\javapath;C:\Program Files\Broadcom\Broadcom 802.11 Network Adapter;C:\WINDOWS\system32;C:\WINDOWS;C:\WINDOWS\System32\Wbem;C:\WINDOWS\System32\WindowsPowerShell\v1.0\;C:\Program Files\Lenovo\Bluetooth Software\;C:\Program Files\Lenovo\Bluetooth Software\syswow64;C:\Program Files\Microsoft SQL Server\120\Tools\Binn\;C:\Program Files\Microsoft SQL Server\130\Tools\Binn\;C:\Program Files (x86)\Skype\Phone\;C:\Program Files (x86)\IVI Foundation\VISA\WinNT\Bin\;C:\Program Files\IVI Foundation\VISA\Win64\Bin\;C:\Program Files (x86)\IVI Foundation\VISA\WinNT\Bin;C:\Program Files (x86)\IVI Foundation\IVI\bin;C:\Program Files\IVI Foundation\IVI\bin;C:\Program Files\Git\cmd;C:\Users\Junaid\AppData\Local\Android\sdk\platform-tools;C:\Users\Junaid\AppData\Local\Android\sdk\tools;c:\users\junaid\appdata\local\enthought\canopy\user\scripts;C:\Users\Junaid\AppData\Local\Microsoft\WindowsApps;C:\Users\Junaid\AppData\Local\Enthought\Canopy\User;C:\Users\Junaid\AppData\Local\Enthought\Canopy\User\Scripts;C:\WINDOWS\system32;
USERNAME=Junaid
OS=Windows_NT
PROCESSOR_IDENTIFIER=Intel64 Family 6 Model 78 Stepping 3, GenuineIntel



---------------  S Y S T E M  ---------------

OS: Windows 10.0 , 64 bit Build 14393 (10.0.14393.0)

CPU:total 4 (2 cores per cpu, 2 threads per core) family 6 model 78 stepping 3, cmov, cx8, fxsr, mmx, sse, sse2, sse3, ssse3, sse4.1, sse4.2, popcnt, avx, avx2, aes, clmul, erms, 3dnowpref, lzcnt, ht, tsc, tscinvbit, bmi1, bmi2, adx

Memory: 4k page, physical 8204552k(2191572k free), swap 24323204k(5504k free)

vm_info: Java HotSpot(TM) 64-Bit Server VM (25.101-b13) for windows-amd64 JRE (1.8.0_101-b13), built on Jun 22 2016 01:21:29 by "java_re" with MS VC++ 10.0 (VS2010)

time: Thu Mar 02 03:52:50 2017
elapsed time: 0 seconds (0d 0h 0m 0s)

